<?xml version="1.0" encoding="UTF-8"?>
<testsuite xmlns:xsi="http://www.w3.org/2001/XMLSchema-instance" xsi:noNamespaceSchemaLocation="https://maven.apache.org/surefire/maven-surefire-plugin/xsd/surefire-test-report-3.0.xsd" version="3.0" name="TestSuite" time="27.371" tests="2" errors="0" skipped="0" failures="0">
  <properties>
[...]
</properties>
  <testcase name="runScenario[&quot;Test SmartLK Login&quot;, &quot;Optional[SmartLK Test]&quot;](1)" classname="com.smartlk.TestRunner" time="16.209">
    <system-out><![CDATA[
@ui
Scenario Outline: Test SmartLK Login                      &amp#27;[90m# src/test/resources/features/SmartLK_Login.feature:13&amp#27;[0m
  &amp#27;[32mGiven &amp#27;[0m&amp#27;[32mLaunch SmartLK Login &amp#27;[0m&amp#27;[32m&amp#27;[1m"https://smartlive.lk/login"&amp#27;[0m &amp#27;[90m# com.smartlk.steps.LoginSteps.launch_smart_lk_login(java.lang.String)&amp#27;[0m
  &amp#27;[32mWhen &amp#27;[0m&amp#27;[32mInput &amp#27;[0m&amp#27;[32m&amp#27;[1m"ruvindumadushanka@gmail.com"&amp#27;[0m&amp#27;[32m and &amp#27;[0m&amp#27;[32m&amp#27;[1m"rmsk@123"&amp#27;[0m &amp#27;[90m# com.smartlk.steps.LoginSteps.inputEmailAndPassword(java.lang.String,java.lang.String)&amp#27;[0m
  &amp#27;[32mAnd &amp#27;[0m&amp#27;[32mPress Login&amp#27;[0m                                         &amp#27;[90m# com.smartlk.steps.LoginSteps.press_login()&amp#27;[0m
  &amp#27;[32mAnd &amp#27;[0m&amp#27;[32mVerify Username &amp#27;[0m&amp#27;[32m&amp#27;[1m"Ruvindu"&amp#27;[0m                           &amp#27;[90m# com.smartlk.steps.LoginSteps.verifyUsername(java.lang.String)&amp#27;[0m
  &amp#27;[32mThen &amp#27;[0m&amp#27;[32mSubmit Logout&amp#27;[0m                                      &amp#27;[90m# com.smartlk.steps.LoginSteps.submitLogout()&amp#27;[0m
]]></system-out>
    <system-err><![CDATA[Starting ChromeDriver 103.0.5060.24 (e47b049c438cd0a74dc95a011fceb27db18cb080-refs/branch-heads/5060@{#232}) on port 31482
Only local connections are allowed.
Please see https://chromedriver.chromium.org/security-considerations for suggestions on keeping ChromeDriver safe.
ChromeDriver was started successfully.
Jul 27, 2022 12:00:41 PM org.openqa.selenium.remote.ProtocolHandshake createSession
INFO: Detected dialect: W3C
]]></system-err>
  </testcase>
  <testcase name="runScenario[&quot;Search Items&quot;, &quot;Optional[SmartLK Test]&quot;](2)" classname="com.smartlk.TestRunner" time="7.974">
    <system-out><![CDATA[
@ui @smoke
Scenario: Search Items                        &amp#27;[90m# src/test/resources/features/SmartLK_Login.feature:16&amp#27;[0m
  &amp#27;[32mWhen &amp#27;[0m&amp#27;[32mLaunch SmartLK &amp#27;[0m&amp#27;[32m&amp#27;[1m"https://smartlive.lk/"&amp#27;[0m &amp#27;[90m# com.smartlk.steps.SearchSteps.launchSmartLK(java.lang.String)&amp#27;[0m
  &amp#27;[32mGiven &amp#27;[0m&amp#27;[32mText &amp#27;[0m&amp#27;[32m&amp#27;[1m"gaming mouse"&amp#27;[0m                   &amp#27;[90m# com.smartlk.steps.SearchSteps.text(java.lang.String)&amp#27;[0m
  &amp#27;[32mWhen &amp#27;[0m&amp#27;[32mClick search&amp#27;[0m                           &amp#27;[90m# com.smartlk.steps.SearchSteps.clickSearch()&amp#27;[0m
]]></system-out>
    <system-err><![CDATA[Starting ChromeDriver 103.0.5060.24 (e47b049c438cd0a74dc95a011fceb27db18cb080-refs/branch-heads/5060@{#232}) on port 17669
Only local connections are allowed.
Please see https://chromedriver.chromium.org/security-considerations for suggestions on keeping ChromeDriver safe.
ChromeDriver was started successfully.
Jul 27, 2022 12:00:57 PM org.openqa.selenium.remote.ProtocolHandshake createSession
INFO: Detected dialect: W3C
]]></system-err>
  </testcase>
</testsuite>