<?xml version="1.0" encoding="UTF-8"?>
<testng-results ignored="0" total="1" passed="1" failed="0" skipped="0">
  <reporter-output>
  </reporter-output>
  <suite started-at="2022-08-25T16:23:40 IST" name="com.smartlk.TestRunner" finished-at="2022-08-25T16:23:52 IST" duration-ms="12313">
    <groups>
      <group name="cucumber">
        <method signature="AbstractTestNGCucumberTests.runScenario(io.cucumber.testng.PickleWrapper,io.cucumber.testng.FeatureWrapper)[pri:0, instance:com.smartlk.TestRunner@6e38921c]" name="runScenario" class="io.cucumber.testng.AbstractTestNGCucumberTests"/>
      </group> <!-- cucumber -->
    </groups>
    <test started-at="2022-08-25T16:23:40 IST" name="Command line test" finished-at="2022-08-25T16:23:52 IST" duration-ms="12313">
      <class name="com.smartlk.TestRunner">
        <test-method is-config="true" signature="setUpClass()[pri:0, instance:com.smartlk.TestRunner@6e38921c]" started-at="2022-08-25T16:23:40 IST" name="setUpClass" finished-at="2022-08-25T16:23:40 IST" duration-ms="290" status="PASS">
          <reporter-output>
          </reporter-output>
        </test-method> <!-- setUpClass -->
        <test-method signature="runScenario(io.cucumber.testng.PickleWrapper,io.cucumber.testng.FeatureWrapper)[pri:0, instance:com.smartlk.TestRunner@6e38921c]" started-at="2022-08-25T16:23:40 IST" name="runScenario" description="Runs Cucumber Scenarios" data-provider="scenarios" finished-at="2022-08-25T16:23:50 IST" duration-ms="9922" status="PASS">
          <params>
            <param index="0">
              <value>
                <![CDATA["Test SmartLK Login"]]>
              </value>
            </param>
            <param index="1">
              <value>
                <![CDATA["Optional[SmartLK Test]"]]>
              </value>
            </param>
          </params>
          <reporter-output>
          </reporter-output>
        </test-method> <!-- runScenario -->
        <test-method is-config="true" signature="tearDownClass()[pri:0, instance:com.smartlk.TestRunner@6e38921c]" started-at="2022-08-25T16:23:50 IST" name="tearDownClass" finished-at="2022-08-25T16:23:52 IST" duration-ms="2083" status="PASS">
          <reporter-output>
          </reporter-output>
        </test-method> <!-- tearDownClass -->
      </class> <!-- com.smartlk.TestRunner -->
    </test> <!-- Command line test -->
  </suite> <!-- com.smartlk.TestRunner -->
</testng-results>
